TN:
SF:config.js
FNF:0
FNH:0
DA:1,6
DA:3,6
LF:2
LH:2
BRDA:6,0,0,6
BRDA:6,0,1,6
BRDA:7,1,0,6
BRDA:7,1,1,0
BRDA:8,2,0,6
BRDA:8,2,1,6
BRDA:9,3,0,6
BRDA:9,3,1,6
BRDA:15,4,0,6
BRDA:15,4,1,6
BRDA:27,5,0,6
BRDA:27,5,1,0
BRDA:27,6,0,6
BRDA:27,6,1,6
BRF:14
BRH:12
end_of_record
TN:
SF:src/javascript/exists_model.js
FN:15,(anonymous_0)
FNF:1
FNH:1
FNDA:1,(anonymous_0)
DA:1,5
DA:2,5
DA:12,5
DA:16,1
DA:17,1
DA:24,0
LF:6
LH:5
BRF:0
BRH:0
end_of_record
TN:
SF:src/javascript/index.js
FN:79,(anonymous_0)
FN:84,(anonymous_1)
FNF:2
FNH:2
FNDA:1,(anonymous_0)
FNDA:20,(anonymous_1)
DA:1,5
DA:2,5
DA:3,5
DA:4,5
DA:6,5
DA:7,5
DA:8,5
DA:9,5
DA:10,5
DA:11,5
DA:13,5
DA:15,5
DA:16,5
DA:18,5
DA:23,5
DA:24,0
DA:27,5
DA:28,0
DA:31,5
DA:32,0
DA:36,5
DA:38,5
DA:42,5
DA:50,5
DA:52,5
DA:58,5
DA:63,5
DA:70,5
DA:71,5
DA:74,5
DA:76,5
DA:79,5
DA:80,1
DA:81,1
DA:84,5
DA:85,20
DA:89,5
DA:97,5
LF:38
LH:35
BRDA:23,0,0,0
BRDA:23,0,1,5
BRDA:27,1,0,0
BRDA:27,1,1,5
BRDA:31,2,0,0
BRDA:31,2,1,5
BRDA:70,3,0,5
BRDA:70,3,1,5
BRF:8
BRH:5
end_of_record
TN:
SF:src/javascript/model.js
FN:22,(anonymous_0)
FN:48,(anonymous_1)
FN:80,(anonymous_2)
FN:136,(anonymous_3)
FN:161,(anonymous_4)
FNF:5
FNH:5
FNDA:1,(anonymous_0)
FNDA:1,(anonymous_1)
FNDA:1,(anonymous_2)
FNDA:1,(anonymous_3)
FNDA:1,(anonymous_4)
DA:1,5
DA:2,5
DA:4,5
DA:5,5
DA:6,5
DA:7,5
DA:8,5
DA:9,5
DA:10,5
DA:22,5
DA:24,1
DA:25,1
DA:26,1
DA:28,1
DA:30,1
DA:31,1
DA:34,0
DA:35,0
DA:37,0
DA:48,5
DA:50,1
DA:51,1
DA:52,1
DA:54,1
DA:56,1
DA:58,0
DA:60,0
DA:61,0
DA:64,0
DA:66,0
DA:68,1
DA:80,5
DA:81,1
DA:82,1
DA:84,1
DA:86,0
DA:88,0
DA:90,0
DA:91,0
DA:96,0
DA:98,0
DA:99,0
DA:101,1
DA:106,5
DA:137,1
DA:138,1
DA:139,0
DA:145,1
DA:162,1
DA:164,1
DA:166,1
DA:167,0
DA:172,0
DA:175,1
DA:176,0
DA:182,1
DA:189,0
LF:57
LH:37
BRDA:30,0,0,1
BRDA:30,0,1,0
BRDA:56,1,0,0
BRDA:56,1,1,1
BRDA:60,2,0,0
BRDA:60,2,1,0
BRDA:90,3,0,0
BRDA:90,3,1,0
BRDA:166,4,0,0
BRDA:166,4,1,1
BRDA:175,5,0,0
BRDA:175,5,1,1
BRF:12
BRH:4
end_of_record
TN:
SF:src/javascript/service.js
FN:33,(anonymous_0)
FN:36,(anonymous_1)
FN:40,(anonymous_2)
FN:42,(anonymous_3)
FN:55,(anonymous_4)
FN:55,(anonymous_5)
FN:55,(anonymous_6)
FN:60,(anonymous_7)
FN:68,(anonymous_8)
FN:89,(anonymous_9)
FNF:10
FNH:8
FNDA:3,(anonymous_0)
FNDA:3,(anonymous_1)
FNDA:3,(anonymous_2)
FNDA:0,(anonymous_3)
FNDA:3,(anonymous_4)
FNDA:3,(anonymous_5)
FNDA:3,(anonymous_6)
FNDA:3,(anonymous_7)
FNDA:0,(anonymous_8)
FNDA:3,(anonymous_9)
DA:1,5
DA:2,5
DA:3,5
DA:4,5
DA:5,5
DA:6,5
DA:9,5
DA:27,5
DA:28,5
DA:33,5
DA:34,3
DA:36,5
DA:37,3
DA:40,5
DA:42,5
DA:43,0
DA:44,0
DA:55,5
DA:56,3
DA:58,3
DA:60,3
DA:61,3
DA:62,3
DA:63,3
DA:64,3
DA:65,3
DA:68,3
DA:69,0
DA:70,0
DA:71,0
DA:74,3
DA:86,5
DA:90,3
DA:91,3
DA:94,0
DA:99,0
DA:102,3
DA:103,3
LF:38
LH:31
BRDA:91,0,0,0
BRDA:91,0,1,3
BRDA:91,1,0,3
BRDA:91,1,1,2
BRF:4
BRH:3
end_of_record
TN:
SF:src/javascript/models/model.js
FNF:0
FNH:0
DA:1,5
DA:3,5
DA:32,5
LF:3
LH:3
BRF:0
BRH:0
end_of_record
TN:
SF:src/javascript/util/unzip.js
FN:9,(anonymous_0)
FN:9,(anonymous_1)
FN:14,(anonymous_2)
FN:18,(anonymous_3)
FN:22,(anonymous_4)
FNF:5
FNH:4
FNDA:1,(anonymous_0)
FNDA:1,(anonymous_1)
FNDA:1,(anonymous_2)
FNDA:0,(anonymous_3)
FNDA:1,(anonymous_4)
DA:1,6
DA:9,6
DA:10,1
DA:11,1
DA:12,1
DA:14,1
DA:15,1
DA:18,1
DA:19,0
DA:22,1
DA:23,1
LF:11
LH:10
BRF:0
BRH:0
end_of_record
TN:
SF:src/javascript/util/zip.js
FNF:0
FNH:0
DA:1,5
LF:1
LH:1
BRF:0
BRH:0
end_of_record
